<?xml version="1.0" encoding="UTF-8"?>
<!-- Generated by org.testng.reporters.JUnitReportReporter -->
<testsuite name="com.test.automation.uiAutomation.homepage.TC001_VerifyLoginWithInvalidCredentials" tests="1" time="4.872" ignored="0" failures="0" timestamp="04 May 2017 03:45:13 GMT" skipped="0" hostname="DESKTOP-9KHPCEO" errors="0">
  <testcase name="verifyLoginWithInvalidCredentials" time="4.872" classname="com.test.automation.uiAutomation.homepage.TC001_VerifyLoginWithInvalidCredentials"/>
</testsuite> <!-- com.test.automation.uiAutomation.homepage.TC001_VerifyLoginWithInvalidCredentials -->
